2025/08/14 16:53:47 Starting application server...
2025/08/14 16:53:47 Loading configuration from Server/configs/config.json
2025/08/14 16:53:47 Configuration loaded successfully
2025/08/14 16:53:47 Configuration loaded successfully
2025/08/14 16:55:52 Starting application server...
2025/08/14 16:55:52 Loading configuration from Server/configs/config.json
2025/08/14 16:55:52 Configuration loaded successfully
2025/08/14 16:55:52 Configuration loaded successfully
2025/08/17 14:22:17 Starting application server...
2025/08/17 14:22:17 Loading configuration from Server/configs/config.json
2025/08/17 14:22:17 Configuration loaded successfully
2025/08/17 14:22:17 Configuration loaded successfully
2025/08/20 17:30:48 Starting application server...
2025/08/20 17:30:48 Configuration loaded successfully
2025/08/20 17:30:48 Loading configuration from Server/configs/config.json
2025/08/20 17:30:48 Configuration loaded successfully
2025/08/20 17:31:01 Getting tasks for u
2025/08/20 17:32:59 Getting tasks for u
2025/08/20 17:38:14 Starting application server...
2025/08/20 17:38:14 Loading configuration from Server/configs/config.json
2025/08/20 17:38:46 Getting tasks for u
2025/08/20 17:40:42 Getting tasks for u
2025/08/20 17:41:53 Starting application server...
2025/08/20 17:41:53 Loading configuration from Server/configs/config.json
2025/08/20 17:44:24 Starting application server...
2025/08/20 17:44:24 Loading configuration from Server/configs/config.json
2025/08/20 17:44:24 Configuration loaded successfully
2025/08/20 17:44:33 Getting tasks for u
2025/08/20 18:07:20 Starting application server...
2025/08/20 18:07:20 Loading configuration from Server/configs/config.json
2025/08/21 13:20:31 Starting application server...
2025/08/21 13:20:31 Loading configuration from Server/configs/config.json
2025/08/21 13:20:31 Configuration loaded successfully
2025/08/21 13:20:50 Getting tasks for u
2025/08/21 13:22:32 Starting application server...
2025/08/21 13:22:32 Loading configuration from Server/configs/config.json
2025/08/21 13:22:32 Configuration loaded successfully
2025/08/21 13:22:42 Getting tasks for u
2025/08/21 13:25:45 Starting application server...
2025/08/21 13:25:45 Loading configuration from Server/configs/config.json
2025/08/21 13:25:45 Configuration loaded successfully
2025/08/21 13:25:45 Starting Internal server...
2025/08/21 13:25:58 Getting tasks for u
2025/08/21 13:27:15 Starting application server...
2025/08/21 13:27:15 Loading configuration from Server/configs/config.json
2025/08/21 13:27:15 Starting Internal server...
2025/08/21 13:27:18 Getting tasks for u
2025/08/21 13:27:57 Starting application server...
2025/08/21 13:27:57 Loading configuration from Server/configs/config.json
2025/08/21 13:27:57 Configuration loaded successfully
2025/08/21 13:27:57 Starting Internal server...
2025/08/21 13:28:01 Getting tasks for u
2025/08/21 13:29:03 Starting application server...
2025/08/21 13:29:03 Loading configuration from Server/configs/config.json
2025/08/21 13:29:03 Configuration loaded successfully
2025/08/21 13:29:03 Configuration loaded successfully
2025/08/21 13:29:09 Getting tasks for u
2025/08/21 13:29:59 Starting application server...
2025/08/21 13:29:59 Loading configuration from Server/configs/config.json
2025/08/21 13:29:59 Configuration loaded successfully
2025/08/21 13:29:59 Starting Internal server...
2025/08/21 13:30:03 Getting tasks for u
2025/08/21 13:31:56 Starting application server...
2025/08/21 13:31:56 Loading configuration from Server/configs/config.json
2025/08/21 13:31:56 Configuration loaded successfully
2025/08/21 13:31:56 Starting Internal server...
2025/08/21 13:31:59 Getting tasks for user
2025/08/21 13:32:58 Starting application server...
2025/08/21 13:32:58 Loading configuration from Server/configs/config.json
2025/08/21 13:32:58 Configuration loaded successfully
2025/08/21 13:32:58 Starting Internal server...
2025/08/21 13:33:01 Getting tasks for user
2025/08/21 16:16:48 Starting application server...
2025/08/21 16:16:48 Loading configuration from Server/configs/config.json
2025/08/21 16:16:59 Getting tasks for user
2025/08/21 16:19:04 Starting application server...
2025/08/21 16:19:04 Loading configuration from Server/configs/config.json
2025/08/21 16:19:04 Configuration loaded successfully
2025/08/21 16:19:04 Starting Internal server...
2025/08/21 16:19:11 Getting tasks for user
2025/08/21 16:24:15 Starting application server...
2025/08/21 16:24:15 Loading configuration from Server/configs/config.json
2025/08/21 16:24:20 Getting tasks for user
2025/08/21 16:26:36 Starting application server...
2025/08/21 16:26:36 Loading configuration from Server/configs/config.json
2025/08/21 16:26:36 Configuration loaded successfully
2025/08/21 16:29:04 Starting application server...
2025/08/21 16:29:04 Loading configuration from Server/configs/config.json
2025/08/21 16:29:04 Configuration loaded successfully
2025/08/21 16:29:04 Starting Internal server...
2025/08/21 16:29:10 Getting tasks for user
2025/08/21 16:36:49 Loading configuration from Server/configs/config.json
2025/08/21 16:36:49 Starting application server...
2025/08/21 16:36:49 Loading configuration from Server/configs/config.json
2025/08/21 16:36:49 Configuration loaded successfully
2025/08/21 16:36:49 Configuration loaded successfully
2025/08/21 16:37:02 Getting tasks for user
2025/08/21 16:37:10 Getting tasks for user
2025/08/21 17:13:05 Starting application server...
2025/08/21 17:13:05 Loading configuration from Server/configs/config.json
2025/08/21 17:13:05 Configuration loaded successfully
2025/08/21 17:13:05 Starting Internal server...
2025/08/21 17:13:19 Getting tasks for user
2025/08/21 17:13:27 Getting tasks for user
2025/08/21 17:15:50 Starting application server...
2025/08/21 17:15:50 Loading configuration from Server/configs/config.json
2025/08/21 17:15:50 Starting Internal server...
2025/08/21 17:15:50 Configuration loaded successfully
2025/08/21 17:16:11 Getting task for u, hi-hi
2025/08/21 17:19:41 Starting application server...
2025/08/21 17:19:41 Loading configuration from Server/configs/config.json
2025/08/21 17:19:56 Getting task for u, hi-hi
2025/08/21 17:20:37 Starting application server...
2025/08/21 17:20:37 Loading configuration from Server/configs/config.json
2025/08/21 17:20:37 Configuration loaded successfully
2025/08/21 17:20:42 Getting task for u, hi-hi
2025/08/21 17:21:30 Getting task for u, hi-hi
2025/08/21 17:22:47 Starting application server...
2025/08/21 17:22:47 Loading configuration from Server/configs/config.json
2025/08/21 17:22:47 Starting Internal server...
2025/08/21 17:22:47 Configuration loaded successfully
2025/08/21 17:22:51 Getting task for u, hi-hi
2025/08/21 17:25:57 Starting application server...
2025/08/21 17:25:57 Loading configuration from Server/configs/config.json
2025/08/21 17:26:04 Getting task for u, hi-hi
2025/08/21 17:40:33 Starting application server...
2025/08/21 17:40:33 Loading configuration from Server/configs/config.json
2025/08/21 17:40:33 Starting Internal server...
2025/08/21 17:40:33 Configuration loaded successfully
2025/08/21 17:42:52 Starting application server...
2025/08/21 17:42:52 Configuration loaded successfully
2025/08/21 17:42:52 Loading configuration from Server/configs/config.json
2025/08/21 17:42:52 Configuration loaded successfully
2025/08/21 18:04:44 Starting application server...
2025/08/21 18:04:44 Loading configuration from Server/configs/config.json
2025/08/21 18:04:44 Configuration loaded successfully
2025/08/21 18:04:44 Configuration loaded successfully
2025/08/21 18:05:32 Getting task for u, hi-hi
2025/08/21 18:30:42 Starting application server...
2025/08/21 18:30:42 Loading configuration from Server/configs/config.json
2025/08/21 18:30:42 Starting Internal server...
2025/08/21 18:30:42 Configuration loaded successfully
2025/08/21 18:33:46 Starting application server...
2025/08/21 18:33:46 Loading configuration from Server/configs/config.json
2025/08/21 18:33:46 Configuration loaded successfully
2025/08/21 18:36:14 Starting application server...
2025/08/21 18:36:14 Loading configuration from Server/configs/config.json
2025/08/21 18:36:14 Configuration loaded successfully
2025/08/21 21:58:57 Starting application server...
2025/08/21 21:58:57 Loading configuration from Server/configs/config.json
2025/08/21 21:58:57 Configuration loaded successfully
2025/08/21 21:58:57 Configuration loaded successfully
2025/08/21 22:00:33 Starting application server...
2025/08/21 22:00:33 Loading configuration from Server/configs/config.json
2025/08/21 22:00:33 Configuration loaded successfully
2025/08/21 22:16:06 Starting application server...
2025/08/21 22:16:06 Loading configuration from Server/configs/config.json
2025/08/21 22:17:05 Received request to delete task
2025/08/21 22:34:00 Starting application server...
2025/08/21 22:34:00 Loading configuration from Server/configs/config.json
2025/08/22 01:20:12 Starting application server...
2025/08/22 01:20:12 Loading configuration from Server/configs/config.json
2025/08/22 01:20:12 Configuration loaded successfully
2025/08/22 01:20:12 Starting Internal server...
2025/08/22 01:31:40 Starting application server...
2025/08/22 01:31:40 Loading configuration from Server/configs/config.json
2025/08/22 01:31:40 Configuration loaded successfully
2025/08/22 01:31:40 Starting Internal server...
2025/08/22 01:31:47 Getting tasks for user
2025/08/22 01:32:19 Getting tasks for user
2025/08/22 14:14:51 Starting application server...
2025/08/22 14:14:51 Loading configuration from Server/configs/config.json
2025/08/22 14:29:50 Starting application server...
2025/08/22 14:29:50 Loading configuration from Server/configs/config.json
2025/08/22 14:29:50 Configuration loaded successfully
2025/08/22 14:29:50 Starting Internal server...
2025/08/22 15:50:28 Starting application server...
2025/08/22 15:50:28 Loading configuration from Server/configs/config.json
2025/08/22 15:50:28 Configuration loaded successfully
2025/08/22 18:41:24 Starting application server...
2025/08/22 18:41:24 Loading configuration from Server/configs/config.json
2025/08/22 18:41:29 404
2025/08/22 18:42:32 Starting application server...
2025/08/22 18:42:32 Loading configuration from Server/configs/config.json
2025/08/22 18:42:36 404
2025/08/22 18:43:42 Starting application server...
2025/08/22 18:43:42 Loading configuration from Server/configs/config.json
2025/08/22 18:43:46 404
2025/08/22 18:46:44 Starting application server...
2025/08/22 18:46:44 Loading configuration from Server/configs/config.json
2025/08/22 18:46:44 Starting Internal server...
2025/08/22 18:46:44 Configuration loaded successfully
2025/08/22 18:46:49 404
2025/08/22 18:47:53 Starting application server...
2025/08/22 18:47:53 Loading configuration from Server/configs/config.json
2025/08/22 18:47:53 Configuration loaded successfully
2025/08/22 18:47:53 Starting Internal server...
2025/08/22 18:47:58 404
2025/08/22 18:49:22 Starting application server...
2025/08/22 18:49:22 Loading configuration from Server/configs/config.json
2025/08/22 18:49:22 Configuration loaded successfully
2025/08/22 18:49:26 404
2025/08/22 18:51:31 Starting application server...
2025/08/22 18:51:31 Loading configuration from Server/configs/config.json
2025/08/22 18:51:35 404
2025/08/22 18:53:03 Starting application server...
2025/08/22 18:53:03 Loading configuration from Server/configs/config.json
2025/08/22 18:53:03 Configuration loaded successfully
2025/08/22 18:53:03 Starting Internal server...
2025/08/22 18:53:06 404
2025/08/22 18:56:19 Starting application server...
2025/08/22 18:56:19 Loading configuration from Server/configs/config.json
2025/08/22 18:56:19 Configuration loaded successfully
2025/08/22 18:56:19 Starting Internal server...
2025/08/23 00:23:14 Starting application server...
2025/08/23 00:23:14 Loading configuration from Server/configs/config.json
2025/08/23 00:23:14 Configuration loaded successfully
2025/08/23 00:24:24 Starting application server...
2025/08/23 00:24:24 Loading configuration from Server/configs/config.json
2025/08/23 00:24:24 Starting Internal server...
2025/08/23 00:24:24 Configuration loaded successfully
2025/08/23 00:26:45 Starting application server...
2025/08/23 00:26:45 Loading configuration from Server/configs/config.json
2025/08/23 00:28:17 Starting application server...
2025/08/23 00:28:17 Loading configuration from Server/configs/config.json
2025/08/23 00:31:07 Starting application server...
2025/08/23 00:31:07 Loading configuration from Server/configs/config.json
2025/08/23 00:31:07 Configuration loaded successfully
2025/08/23 00:31:07 Starting Internal server...
2025/08/23 10:05:18 Starting application server...
2025/08/23 10:05:18 Loading configuration from Server/configs/config.json
2025/08/23 10:11:24 Starting application server...
2025/08/23 10:11:24 Loading configuration from Server/configs/config.json
2025/08/23 10:11:24 Configuration loaded successfully
2025/08/23 10:11:24 Starting Internal server...
2025/08/23 10:13:49 Starting application server...
2025/08/23 10:13:49 Loading configuration from Server/configs/config.json
2025/08/23 10:13:49 Configuration loaded successfully
2025/08/23 10:13:49 Starting Internal server...
2025/08/23 17:11:26 Starting application server...
2025/08/23 17:11:26 Loading configuration from Server/configs/config.json
2025/08/23 17:11:26 Configuration loaded successfully
2025/08/23 17:11:26 Starting Internal server...
2025/08/23 17:14:23 Starting application server...
2025/08/23 17:14:23 Loading configuration from Server/configs/config.json
2025/08/23 17:14:23 Configuration loaded successfully
2025/08/23 17:14:23 Starting Internal server...
2025/08/23 17:16:08 Starting application server...
2025/08/23 17:16:08 Loading configuration from Server/configs/config.json
2025/08/23 17:16:08 Configuration loaded successfully
2025/08/23 17:23:19 Starting application server...
2025/08/23 17:23:19 Loading configuration from Server/configs/config.json
2025/08/23 17:23:19 Configuration loaded successfully
2025/08/23 17:23:19 Starting Internal server...
2025/08/23 18:00:06 Starting application server...
2025/08/23 18:00:06 Loading configuration from Server/configs/config.json
2025/08/23 18:00:06 Configuration loaded successfully
2025/08/23 18:00:06 Serving static from: Server/static
2025/08/23 18:00:06 Starting Internal server...
2025/08/23 18:06:55 Starting application server...
2025/08/23 18:06:55 Loading configuration from Server/configs/config.json
2025/08/23 18:06:55 Configuration loaded successfully
2025/08/23 18:06:55 Starting Internal server...
2025/08/23 18:06:55 Serving static from: Server/static
2025/08/23 19:32:39 Starting application server...
2025/08/23 19:32:39 Loading configuration from Server/configs/config.json
2025/08/23 19:44:25 Starting application server...
2025/08/23 19:44:25 Loading configuration from Server/configs/config.json
2025/08/23 19:44:25 Starting Internal server...
2025/08/23 19:44:25 Configuration loaded successfully
2025/08/23 19:51:53 Starting application server...
2025/08/23 19:51:53 Loading configuration from Server/configs/config.json
2025/08/23 19:51:53 Configuration loaded successfully
2025/08/23 19:51:53 Serving static from: Server/static
2025/08/23 20:50:40 Starting application server...
2025/08/23 20:50:40 Loading configuration from Server/configs/config.json
2025/08/23 20:50:40 Configuration loaded successfully
2025/08/23 20:50:40 Serving static from: Server/static
2025/08/23 20:50:40 Starting Internal server...
2025/08/23 21:05:07 Starting application server...
2025/08/23 21:05:07 Loading configuration from Server/configs/config.json
2025/08/23 21:05:07 Configuration loaded successfully
2025/08/23 21:05:07 Serving static from: Server/static
2025/08/23 21:05:07 Starting Internal server...
2025/08/23 21:09:14 Starting application server...
2025/08/23 21:09:14 Loading configuration from Server/configs/config.json
2025/08/23 21:09:14 Configuration loaded successfully
2025/08/23 21:09:14 Serving static from: Server/static
2025/08/23 21:09:14 Starting Internal server...
2025/08/23 21:25:33 Starting application server...
2025/08/23 21:25:33 Loading configuration from Server/configs/config.json
2025/08/23 21:25:33 Configuration loaded successfully
2025/08/23 21:25:33 Serving static from: Server/static
2025/08/23 21:25:33 Starting Internal server...
2025/08/23 21:58:33 Starting application server...
2025/08/23 21:58:33 Loading configuration from Server/configs/config.json
2025/08/23 21:58:33 Configuration loaded successfully
2025/08/23 21:58:33 Serving static from: Server/static
2025/08/23 21:58:33 Starting Internal server...
2025/08/23 22:14:25 Starting application server...
2025/08/23 22:14:25 Loading configuration from Server/configs/config.json
2025/08/23 22:14:25 Configuration loaded successfully
2025/08/23 22:39:18 Starting application server...
2025/08/23 22:39:18 Loading configuration from Server/configs/config.json
