2025/04/15 17:24:00 Starting database setup...
2025/04/15 17:24:00 Loading configuration from Server/configs/config.json
2025/04/15 17:24:00 Configuration loaded successfully
2025/04/15 17:24:00 All tables created successfully.
2025/04/15 17:25:13 Loading configuration from Server/configs/config.json
2025/04/15 17:25:13 Configuration loaded successfully
2025/04/15 17:29:11 Loading configuration from Server/configs/config.json
2025/04/15 17:29:11 Configuration loaded successfully
2025/07/02 00:26:13 Starting database setup...
2025/07/02 00:26:13 Loading configuration from Server/configs/config.json
2025/07/02 00:26:13 Configuration loaded successfully
2025/07/02 00:26:13 All tables created successfully.
2025/07/02 00:26:13 Starting Application server...
2025/07/02 00:26:13 Starting server...
2025/07/02 00:26:13 Starting server internal
2025/07/02 00:26:13 Loading configuration from Server/configs/config.json
2025/07/02 00:26:13 Loading configuration from Server/configs/config.json
2025/07/02 00:26:13 Configuration loaded successfully
2025/07/02 00:26:13 Configuration loaded successfully
2025/07/02 00:29:44 Starting database setup...
2025/07/02 00:29:44 Loading configuration from Server/configs/config.json
2025/07/02 00:29:44 Configuration loaded successfully
2025/07/02 00:29:44 All tables created successfully.
2025/07/02 00:29:44 Starting Application server...
2025/07/02 00:29:44 Starting server...
2025/07/02 00:29:44 Loading configuration from Server/configs/config.json
2025/07/02 00:29:44 Configuration loaded successfully
2025/07/02 00:29:44 Starting server internal
2025/07/02 00:29:44 Loading configuration from Server/configs/config.json
2025/07/02 00:29:44 Configuration loaded successfully
2025/07/02 19:07:46 Starting database setup...
2025/07/02 19:07:46 Loading configuration from Server/configs/config.json
2025/07/02 19:07:46 Configuration loaded successfully
2025/07/02 19:07:46 All tables created successfully.
2025/07/02 19:07:46 Starting Application server...
2025/07/02 19:07:46 Starting server...
2025/07/02 19:07:46 Loading configuration from Server/configs/config.json
2025/07/02 19:07:46 Starting server internal
2025/07/02 19:07:46 Loading configuration from Server/configs/config.json
2025/07/02 19:07:46 Configuration loaded successfully
2025/07/02 19:07:46 Configuration loaded successfully
2025/07/02 19:13:44 Starting database setup...
2025/07/02 19:13:44 Loading configuration from Server/configs/config.json
2025/07/02 19:13:44 Configuration loaded successfully
2025/07/02 19:13:44 All tables created successfully.
2025/07/02 19:13:44 Starting Application server...
2025/07/02 19:13:44 Starting server...
2025/07/02 19:13:44 Loading configuration from Server/configs/config.json
2025/07/02 19:13:44 Configuration loaded successfully
2025/07/02 19:13:44 Starting server internal
2025/07/02 19:13:44 Loading configuration from Server/configs/config.json
2025/07/02 19:13:44 Configuration loaded successfully
2025/07/02 19:17:03 Starting database setup...
2025/07/02 19:17:04 Loading configuration from Server/configs/config.json
2025/07/02 19:17:04 Configuration loaded successfully
2025/07/02 19:17:04 All tables created successfully.
2025/07/02 19:17:04 Starting Application server...
2025/07/02 19:17:04 Starting server...
2025/07/02 19:17:04 Loading configuration from Server/configs/config.json
2025/07/02 19:17:04 Configuration loaded successfully
2025/07/02 19:17:04 Starting Internal server...
2025/07/02 19:17:04 Starting server internal
2025/07/02 19:17:04 Loading configuration from Server/configs/config.json
2025/07/02 19:17:04 Configuration loaded successfully
2025/07/02 19:20:12 Starting database setup...
2025/07/02 19:20:12 Loading configuration from Server/configs/config.json
2025/07/02 19:20:12 Configuration loaded successfully
2025/07/02 19:20:12 All tables created successfully.
2025/07/02 19:20:12 Starting Internal server...
2025/07/02 19:20:12 Starting server...
2025/07/02 19:20:12 Loading configuration from Server/configs/config.json
2025/07/02 19:20:12 Configuration loaded successfully
2025/07/02 19:20:12 Starting Internal server...
2025/07/02 19:20:12 Starting internal server...
2025/07/02 19:20:12 Loading configuration from Server/configs/config.json
2025/07/02 19:20:12 Configuration loaded successfully
