2025/08/14 16:53:47 Starting internal server...
2025/08/14 16:53:47 Loading configuration from Server/configs/config.json
2025/08/14 16:55:52 Starting internal server...
2025/08/14 16:55:52 Loading configuration from Server/configs/config.json
2025/08/17 14:22:17 Starting internal server...
2025/08/17 14:22:17 Loading configuration from Server/configs/config.json
2025/08/20 17:30:48 Starting internal server...
2025/08/20 17:30:48 Loading configuration from Server/configs/config.json
2025/08/20 17:38:14 Starting internal server...
2025/08/20 17:38:14 Loading configuration from Server/configs/config.json
2025/08/20 17:38:14 Configuration loaded successfully
2025/08/20 17:38:14 :8083
2025/08/20 17:38:14 Configuration loaded successfully
2025/08/20 17:41:53 Starting internal server...
2025/08/20 17:41:53 Loading configuration from Server/configs/config.json
2025/08/20 17:41:53 Configuration loaded successfully
2025/08/20 17:41:53 Configuration loaded successfully
2025/08/20 17:44:24 Starting internal server...
2025/08/20 17:44:24 Loading configuration from Server/configs/config.json
2025/08/20 17:44:24 Configuration loaded successfully
2025/08/20 18:07:20 Starting internal server...
2025/08/20 18:07:20 Loading configuration from Server/configs/config.json
2025/08/20 18:07:20 Configuration loaded successfully
2025/08/20 18:07:20 Configuration loaded successfully
2025/08/21 13:20:31 Starting internal server...
2025/08/21 13:20:31 Loading configuration from Server/configs/config.json
2025/08/21 13:20:31 Configuration loaded successfully
2025/08/21 13:20:50 Yo the first time from internal!
2025/08/21 13:22:32 Starting internal server...
2025/08/21 13:22:32 Loading configuration from Server/configs/config.json
2025/08/21 13:22:32 Configuration loaded successfully
2025/08/21 13:25:45 Starting internal server...
2025/08/21 13:25:45 Loading configuration from Server/configs/config.json
2025/08/21 13:25:45 Configuration loaded successfully
2025/08/21 13:25:58 Yo from internal!
2025/08/21 13:25:58 Getting all tasks from the database
2025/08/21 13:25:58 [0xc0000a6300 0xc0000a6340 0xc0000a6380 0xc0000a63c0 0xc0000a6400]
2025/08/21 13:27:15 Starting internal server...
2025/08/21 13:27:15 Loading configuration from Server/configs/config.json
2025/08/21 13:27:15 Configuration loaded successfully
2025/08/21 13:27:15 Configuration loaded successfully
2025/08/21 13:27:18 Yo from internal!
2025/08/21 13:27:18 Getting all tasks from the database
2025/08/21 13:27:18 My Task
2025/08/21 13:27:57 Starting internal server...
2025/08/21 13:27:57 Loading configuration from Server/configs/config.json
2025/08/21 13:27:57 Configuration loaded successfully
2025/08/21 13:28:01 Yo from internal!
2025/08/21 13:28:01 Getting all tasks from the database
2025/08/21 13:28:01 [91 123 34 105 100 34 58 49 44 34 116 105 116 108 101 34 58 34 77 121 32 84 97 115 107 34 44 34 115 116 97 116 117 115 34 58 34 111 112 101 110 34 44 34 100 101 115 99 114 105 112 116 105 111 110 34 58 34 84 104 105 115 32 105 115 32 97 32 116 101 115 116 32 116 97 115 107 34 44 34 117 115 101 114 95 105 100 34 58 49 125 44 123 34 105 100 34 58 50 44 34 116 105 116 108 101 34 58 34 77 121 32 84 97 115 107 34 44 34 115 116 97 116 117 115 34 58 34 111 112 101 110 34 44 34 100 101 115 99 114 105 112 116 105 111 110 34 58 34 84 104 105 115 32 105 115 32 97 32 116 101 115 116 32 116 97 115 107 34 44 34 117 115 101 114 95 105 100 34 58 49 125 44 123 34 105 100 34 58 51 44 34 116 105 116 108 101 34 58 34 77 121 32 84 97 115 107 34 44 34 115 116 97 116 117 115 34 58 34 111 112 101 110 34 44 34 100 101 115 99 114 105 112 116 105 111 110 34 58 34 84 104 105 115 32 105 115 32 97 32 116 101 115 116 32 116 97 115 107 34 44 34 117 115 101 114 95 105 100 34 58 49 125 44 123 34 105 100 34 58 52 44 34 116 105 116 108 101 34 58 34 77 121 32 84 97 115 107 34 44 34 115 116 97 116 117 115 34 58 34 111 112 101 110 34 44 34 100 101 115 99 114 105 112 116 105 111 110 34 58 34 84 104 105 115 32 105 115 32 97 32 116 101 115 116 32 116 97 115 107 34 44 34 117 115 101 114 95 105 100 34 58 49 125 44 123 34 105 100 34 58 53 44 34 116 105 116 108 101 34 58 34 77 121 32 84 97 115 107 34 44 34 115 116 97 116 117 115 34 58 34 111 112 101 110 34 44 34 100 101 115 99 114 105 112 116 105 111 110 34 58 34 84 104 105 115 32 105 115 32 97 32 116 101 115 116 32 116 97 115 107 34 44 34 117 115 101 114 95 105 100 34 58 49 125 93]
2025/08/21 13:29:03 Starting internal server...
2025/08/21 13:29:03 Loading configuration from Server/configs/config.json
2025/08/21 13:29:09 Yo from internal!
2025/08/21 13:29:09 Getting all tasks from the database
2025/08/21 13:29:09 [91 123 34 105 100 34 58 49 44 34 116 105 116 108 101 34 58 34 77 121 32 84 97 115 107 34 44 34 115 116 97 116 117 115 34 58 34 111 112 101 110 34 44 34 100 101 115 99 114 105 112 116 105 111 110 34 58 34 84 104 105 115 32 105 115 32 97 32 116 101 115 116 32 116 97 115 107 34 44 34 117 115 101 114 95 105 100 34 58 49 125 44 123 34 105 100 34 58 50 44 34 116 105 116 108 101 34 58 34 77 121 32 84 97 115 107 34 44 34 115 116 97 116 117 115 34 58 34 111 112 101 110 34 44 34 100 101 115 99 114 105 112 116 105 111 110 34 58 34 84 104 105 115 32 105 115 32 97 32 116 101 115 116 32 116 97 115 107 34 44 34 117 115 101 114 95 105 100 34 58 49 125 44 123 34 105 100 34 58 51 44 34 116 105 116 108 101 34 58 34 77 121 32 84 97 115 107 34 44 34 115 116 97 116 117 115 34 58 34 111 112 101 110 34 44 34 100 101 115 99 114 105 112 116 105 111 110 34 58 34 84 104 105 115 32 105 115 32 97 32 116 101 115 116 32 116 97 115 107 34 44 34 117 115 101 114 95 105 100 34 58 49 125 44 123 34 105 100 34 58 52 44 34 116 105 116 108 101 34 58 34 77 121 32 84 97 115 107 34 44 34 115 116 97 116 117 115 34 58 34 111 112 101 110 34 44 34 100 101 115 99 114 105 112 116 105 111 110 34 58 34 84 104 105 115 32 105 115 32 97 32 116 101 115 116 32 116 97 115 107 34 44 34 117 115 101 114 95 105 100 34 58 49 125 44 123 34 105 100 34 58 53 44 34 116 105 116 108 101 34 58 34 77 121 32 84 97 115 107 34 44 34 115 116 97 116 117 115 34 58 34 111 112 101 110 34 44 34 100 101 115 99 114 105 112 116 105 111 110 34 58 34 84 104 105 115 32 105 115 32 97 32 116 101 115 116 32 116 97 115 107 34 44 34 117 115 101 114 95 105 100 34 58 49 125 93]
2025/08/21 13:29:59 Starting internal server...
2025/08/21 13:29:59 Loading configuration from Server/configs/config.json
2025/08/21 13:29:59 Configuration loaded successfully
2025/08/21 13:30:03 Yo from internal!
2025/08/21 13:30:03 Getting all tasks from the database
2025/08/21 13:31:56 Starting internal server...
2025/08/21 13:31:56 Loading configuration from Server/configs/config.json
2025/08/21 13:31:56 Configuration loaded successfully
2025/08/21 13:31:59 Yo from internal!
2025/08/21 13:31:59 Getting all tasks from the database
2025/08/21 13:32:58 Starting internal server...
2025/08/21 13:32:58 Loading configuration from Server/configs/config.json
2025/08/21 13:32:58 Configuration loaded successfully
2025/08/21 13:33:01 Yo from internal!
2025/08/21 13:33:01 Getting all tasks from the database
2025/08/21 16:16:48 Starting internal server...
2025/08/21 16:16:48 Loading configuration from Server/configs/config.json
2025/08/21 16:16:48 Configuration loaded successfully
2025/08/21 16:16:48 Configuration loaded successfully
2025/08/21 16:16:59 Yo from internal!
2025/08/21 16:16:59 Getting all tasks from the database
2025/08/21 16:19:04 Starting internal server...
2025/08/21 16:19:04 Loading configuration from Server/configs/config.json
2025/08/21 16:19:04 Configuration loaded successfully
2025/08/21 16:19:12 Yo from internal!
2025/08/21 16:19:12 Getting all tasks from the database
2025/08/21 16:24:15 Starting internal server...
2025/08/21 16:24:15 Loading configuration from Server/configs/config.json
2025/08/21 16:24:15 Configuration loaded successfully
2025/08/21 16:24:15 Configuration loaded successfully
2025/08/21 16:26:36 Starting internal server...
2025/08/21 16:26:36 Loading configuration from Server/configs/config.json
2025/08/21 16:26:36 Configuration loaded successfully
2025/08/21 16:29:04 Starting internal server...
2025/08/21 16:29:04 Loading configuration from Server/configs/config.json
2025/08/21 16:29:04 Configuration loaded successfully
2025/08/21 16:36:49 Starting internal server...
2025/08/21 17:13:05 Starting internal server...
2025/08/21 17:13:05 Loading configuration from Server/configs/config.json
2025/08/21 17:13:05 Configuration loaded successfully
2025/08/21 17:15:50 Starting internal server...
2025/08/21 17:15:50 Loading configuration from Server/configs/config.json
2025/08/21 17:15:50 Configuration loaded successfully
2025/08/21 17:19:41 Starting internal server...
2025/08/21 17:19:41 Loading configuration from Server/configs/config.json
2025/08/21 17:19:41 Configuration loaded successfully
2025/08/21 17:19:41 Configuration loaded successfully
2025/08/21 17:19:56 Getting task with ID 0 for user ID 1
2025/08/21 17:19:56 Error scanning task: sql: no rows in result set
2025/08/21 17:20:37 Starting internal server...
2025/08/21 17:20:37 Loading configuration from Server/configs/config.json
2025/08/21 17:20:37 Configuration loaded successfully
2025/08/21 17:20:42 Getting task with ID 0 for user ID 1
2025/08/21 17:20:42 Error scanning task: sql: no rows in result set
2025/08/21 17:20:42 sql: no rows in result set
2025/08/21 17:21:30 Getting task with ID 0 for user ID 1
2025/08/21 17:21:30 Error scanning task: sql: no rows in result set
2025/08/21 17:21:30 sql: no rows in result set
2025/08/21 17:22:47 Starting internal server...
2025/08/21 17:22:47 Loading configuration from Server/configs/config.json
2025/08/21 17:22:47 Configuration loaded successfully
2025/08/21 17:22:51 1 0
2025/08/21 17:22:51 Getting task with ID 0 for user ID 1
2025/08/21 17:22:51 Error scanning task: sql: no rows in result set
2025/08/21 17:22:51 sql: no rows in result set
2025/08/21 17:25:57 Starting internal server...
2025/08/21 17:25:57 Loading configuration from Server/configs/config.json
2025/08/21 17:25:57 Configuration loaded successfully
2025/08/21 17:25:57 Configuration loaded successfully
2025/08/21 17:26:04 Getting task with ID 1 for user ID 1
2025/08/21 17:40:33 Starting internal server...
2025/08/21 17:40:33 Loading configuration from Server/configs/config.json
2025/08/21 17:40:33 Configuration loaded successfully
2025/08/21 17:41:58 Getting all tasks for user ID 1 from the database
2025/08/21 17:41:58 Error getting tasks from database: SQL logic error: no such column: titel (1)
2025/08/21 17:42:52 Starting internal server...
2025/08/21 17:42:52 Loading configuration from Server/configs/config.json
2025/08/21 17:42:58 Getting all tasks for user ID 1 from the database
2025/08/21 17:43:06 Getting all tasks for user ID 2 from the database
