2025/08/14 16:54:09 Inserting task 'My Task' for user ID 1 into the database
2025/08/14 16:56:00 Inserting task 'My Task' for user ID 1 into the database
2025/08/17 14:22:43 Inserting task 'My Task' for user ID 1 into the database
2025/08/21 16:36:57 Inserting task 'My Task' for user ID 1 into the database
2025/08/21 16:37:08 Inserting task 'My Task' for user ID 1 into the database
2025/08/21 17:13:24 Inserting task 'My Task' for user ID 1 into the database
2025/08/21 17:40:52 Inserting task 'My Task' for user ID 1 into the database
2025/08/21 17:40:55 Inserting task 'My Task' for user ID 1 into the database
2025/08/21 17:40:59 Inserting task 'My Task' for user ID 2 into the database
2025/08/21 18:05:02 Inserting task 'My Task' for user ID 2 into the database
2025/08/23 10:06:34 Inserting task 'My Task' for user ID 1 into the database
2025/08/23 10:06:34 Error inserting task into database: constraint failed: NOT NULL constraint failed: tasks.money (1299)
2025/08/23 10:11:48 Inserting task 'My Task' for user ID 1 into the database
2025/08/23 10:11:49 Error inserting task into database: constraint failed: NOT NULL constraint failed: tasks.money (1299)
2025/08/23 10:14:06 Inserting task 'My Task' for user ID 1 into the database
2025/08/23 10:14:59 Inserting task 'My Task' for user ID 1 into the database
2025/08/23 10:15:23 Inserting task 'ArteSHow Task' for user ID 1 into the database
2025/08/23 10:19:58 Inserting task 'My Task' for user ID 2 into the database
2025/08/23 20:54:49 Inserting task 'test' for user ID 1 into the database
2025/08/23 21:00:47 Inserting task 'test2' for user ID 1 into the database
2025/08/23 21:02:25 Inserting task 'sdf' for user ID 1 into the database
2025/08/23 21:06:25 Inserting task '1' for user ID 1 into the database
2025/08/23 21:09:49 Inserting task 'test2' for user ID 1 into the database
2025/08/23 21:14:55 Inserting task 'aasdfasdf' for user ID 1 into the database
2025/08/23 21:17:11 Inserting task 'asdfewr' for user ID 1 into the database
2025/08/23 21:41:35 Inserting task 'f' for user ID 1 into the database
2025/08/23 21:57:31 Inserting task '2' for user ID 1 into the database
2025/08/23 21:59:55 Inserting task 'asf' for user ID 1 into the database
2025/08/23 22:02:51 Inserting task 'New Task' for user ID 1 into the database
2025/08/23 22:16:28 Inserting task '123' for user ID 1 into the database
2025/08/23 22:20:57 Inserting task 'sdf' for user ID 1 into the database
2025/08/23 22:24:13 Inserting task 'asdf' for user ID 1 into the database
2025/08/23 22:25:32 Inserting task 'asdf' for user ID 1 into the database
2025/08/23 22:34:12 Inserting task 'Test Task' for user ID 1 into the database
2025/08/23 22:36:01 Inserting task '123' for user ID 1 into the database
2025/08/23 22:41:14 Inserting task 'asdf' for user ID 1 into the database
2025/08/23 22:43:24 Inserting task 'sdf' for user ID 1 into the database
2025/08/23 22:44:38 Inserting task 'sdaf' for user ID 1 into the database
2025/08/23 22:46:36 Inserting task 'sadf' for user ID 1 into the database
2025/08/23 22:47:17 Inserting task 'asdf' for user ID 1 into the database
2025/08/23 22:51:57 Inserting task 'asdf' for user ID 1 into the database
2025/08/24 09:19:07 Inserting task 'TEst 1' for user ID 1 into the database
2025/08/24 09:27:37 Inserting task 'asdf' for user ID 1 into the database
2025/08/24 09:27:37 Error inserting task into database: constraint failed: NOT NULL constraint failed: tasks.deadline (1299)
2025/08/24 09:27:59 Inserting task 'asdf' for user ID 1 into the database
2025/08/24 09:27:59 Error inserting task into database: constraint failed: NOT NULL constraint failed: tasks.deadline (1299)
2025/08/24 09:30:29 Inserting task 'sadf' for user ID 1 into the database
2025/08/24 09:30:29 Error inserting task into database: constraint failed: NOT NULL constraint failed: tasks.deadline (1299)
2025/08/24 09:32:09 Inserting task 'asdf' for user ID 1 into the database
2025/08/24 09:32:09 Error inserting task into database: constraint failed: NOT NULL constraint failed: tasks.deadline (1299)
2025/08/24 09:36:15 Inserting task 'test2' for user ID 1 into the database
2025/08/24 09:38:35 Inserting task 'asdf' for user ID 1 into the database
2025/08/24 09:41:02 Inserting task 'sadf' for user ID 1 into the database
2025/08/24 09:41:18 Inserting task 'f' for user ID 1 into the database
2025/08/24 09:41:26 Inserting task '123' for user ID 1 into the database
2025/08/24 09:41:35 Inserting task '123445' for user ID 1 into the database
2025/08/24 11:39:21 Inserting task 'asdf' for user ID 1 into the database
2025/08/24 11:40:54 Inserting task 'asdf' for user ID 1 into the database
2025/08/24 11:41:26 Inserting task 'asdf' for user ID 1 into the database
2025/08/24 11:41:33 Inserting task 'adsf' for user ID 1 into the database
2025/08/24 13:51:17 Inserting task 'i' for user ID 1 into the database
2025/08/24 13:56:10 Inserting task 'tz' for user ID 1 into the database
2025/08/24 13:56:24 Inserting task 'asfqwer' for user ID 1 into the database
2025/08/24 14:05:38 Inserting task 'asdf' for user ID 1 into the database
2025/08/24 14:06:26 Inserting task 'asdf' for user ID 1 into the database
2025/08/24 14:28:34 Inserting task 'adsf' for user ID 1 into the database
2025/08/24 14:38:19 Inserting task 'Track weekly savings' for user ID 1 into the database
2025/08/24 17:02:58 Inserting task 'Track weekly savings' for user ID 1 into the database
2025/08/24 17:03:25 Inserting task 'Check Revolut balance' for user ID 1 into the database
2025/08/24 17:03:57 Inserting task 'Calculate daily spending' for user ID 1 into the database
2025/08/24 17:04:32 Inserting task 'Plan monthly freelance income' for user ID 1 into the database
2025/08/24 17:05:01 Inserting task 'Create mini budget spreadsheet' for user ID 1 into the database
2025/08/24 17:06:13 Inserting task 'Plan monthly freelance income' for user ID 1 into the database
2025/08/24 17:06:36 Inserting task 'Create mini budget spreadsheet' for user ID 1 into the database
2025/08/24 17:09:44 Inserting task 'Small project' for user ID 1 into the database
2025/08/24 17:10:03 Inserting task 'Small project' for user ID 1 into the database
2025/08/24 17:10:18 Inserting task 'Small project' for user ID 1 into the database
2025/08/24 17:10:48 Inserting task 'Medium project' for user ID 1 into the database
2025/08/24 17:11:07 Inserting task 'Medium project' for user ID 1 into the database
2025/08/24 17:11:57 Inserting task 'EXTRA - One small and one medium project' for user ID 1 into the database
